02:33:42,682  INFO main LogHelper:logPersistenceUnitInformation:31 - HHH000204: Processing PersistenceUnitInfo [
	name: PERSISTENCE
	...]
02:33:42,838  INFO main Version:logVersion:45 - HHH000412: Hibernate Core {5.2.12.Final}
02:33:42,843  INFO main Environment:<clinit>:198 - HHH000205: Loaded properties from resource hibernate.properties: {hibernate.connection.username=root, hibernate.connection.password=****, hibernate.connection.url=jdbc:mysql://localhost:3306/bookshop, hibernate.bytecode.use_reflection_optimizer=false, hibernate.connection.driver_class=org.postgresql.Driver}
02:33:42,898  INFO main Version:<clinit>:66 - HCANN000001: Hibernate Commons Annotations {5.0.1.Final}
02:33:43,107  WARN main pooling:configure:70 - HHH10001002: Using Hibernate built-in connection pool (not for production use!)
02:33:43,112  INFO main pooling:buildCreator:126 - HHH10001005: using driver [com.mysql.cj.jdbc.Driver] at URL [jdbc:mysql://localhost:3306/bookshop?useLegacyDatetimeCode=false                                                             & serverTimezone=UTC                                                             & useSSL=false]
02:33:43,113  INFO main pooling:buildCreator:135 - HHH10001001: Connection properties: {user=root, password=****}
02:33:43,113  INFO main pooling:buildCreator:140 - HHH10001003: Autocommit mode: false
02:33:43,116  INFO main DriverManagerConnectionProviderImpl:<init>:41 - HHH000115: Hibernate connection pool size: 20 (min=1)
02:33:43,485  INFO main Dialect:<init>:157 - HHH000400: Using dialect: org.hibernate.dialect.MySQL5Dialect
02:33:44,306  INFO main access:getIsolatedConnection:47 - HHH10001501: Connection obtained from JdbcConnectionAccess [org.hibernate.engine.jdbc.env.internal.JdbcEnvironmentInitiator$ConnectionProviderJdbcConnectionAccess@2611b9a3] for (non-JTA) DDL execution was not in auto-commit mode; the Connection 'local transaction' will be committed and the Connection will be set into auto-commit mode.
02:33:44,366  INFO main HibernateUtil:getEntityManagerFactory:24 - create EntityManagerFactory
02:35:43,189  INFO main LogHelper:logPersistenceUnitInformation:31 - HHH000204: Processing PersistenceUnitInfo [
	name: PERSISTENCE
	...]
02:35:43,331  INFO main Version:logVersion:45 - HHH000412: Hibernate Core {5.2.12.Final}
02:35:43,338  INFO main Environment:<clinit>:198 - HHH000205: Loaded properties from resource hibernate.properties: {hibernate.connection.username=root, hibernate.connection.password=****, hibernate.connection.url=jdbc:mysql://localhost:3306/bookshop, hibernate.bytecode.use_reflection_optimizer=false, hibernate.connection.driver_class=org.postgresql.Driver}
02:35:43,408  INFO main Version:<clinit>:66 - HCANN000001: Hibernate Commons Annotations {5.0.1.Final}
02:35:43,766  WARN main pooling:configure:70 - HHH10001002: Using Hibernate built-in connection pool (not for production use!)
02:35:43,771  INFO main pooling:buildCreator:126 - HHH10001005: using driver [com.mysql.cj.jdbc.Driver] at URL [jdbc:mysql://localhost:3306/bookshop?useLegacyDatetimeCode=false                                                             & serverTimezone=UTC                                                             & useSSL=false]
02:35:43,772  INFO main pooling:buildCreator:135 - HHH10001001: Connection properties: {user=root, password=****}
02:35:43,772  INFO main pooling:buildCreator:140 - HHH10001003: Autocommit mode: false
02:35:43,777  INFO main DriverManagerConnectionProviderImpl:<init>:41 - HHH000115: Hibernate connection pool size: 20 (min=1)
02:35:44,144  INFO main Dialect:<init>:157 - HHH000400: Using dialect: org.hibernate.dialect.MySQL5Dialect
02:35:44,837  INFO main access:getIsolatedConnection:47 - HHH10001501: Connection obtained from JdbcConnectionAccess [org.hibernate.engine.jdbc.env.internal.JdbcEnvironmentInitiator$ConnectionProviderJdbcConnectionAccess@571a9686] for (non-JTA) DDL execution was not in auto-commit mode; the Connection 'local transaction' will be committed and the Connection will be set into auto-commit mode.
02:35:44,877  INFO main HibernateUtil:getEntityManagerFactory:24 - create EntityManagerFactory
03:08:02,715  INFO main LogHelper:logPersistenceUnitInformation:31 - HHH000204: Processing PersistenceUnitInfo [
	name: PERSISTENCE
	...]
03:08:02,849  INFO main Version:logVersion:45 - HHH000412: Hibernate Core {5.2.12.Final}
03:08:02,853  INFO main Environment:<clinit>:198 - HHH000205: Loaded properties from resource hibernate.properties: {hibernate.connection.username=root, hibernate.connection.password=****, hibernate.connection.url=jdbc:mysql://localhost:3306/bookshop, hibernate.bytecode.use_reflection_optimizer=false, hibernate.connection.driver_class=org.postgresql.Driver}
03:08:02,899  INFO main Version:<clinit>:66 - HCANN000001: Hibernate Commons Annotations {5.0.1.Final}
03:08:03,175  WARN main pooling:configure:70 - HHH10001002: Using Hibernate built-in connection pool (not for production use!)
03:08:03,179  INFO main pooling:buildCreator:126 - HHH10001005: using driver [com.mysql.cj.jdbc.Driver] at URL [jdbc:mysql://localhost:3306/bookshop?useLegacyDatetimeCode=false                                                             & serverTimezone=UTC                                                             & useSSL=false]
03:08:03,180  INFO main pooling:buildCreator:135 - HHH10001001: Connection properties: {user=root, password=****}
03:08:03,181  INFO main pooling:buildCreator:140 - HHH10001003: Autocommit mode: false
03:08:03,184  INFO main DriverManagerConnectionProviderImpl:<init>:41 - HHH000115: Hibernate connection pool size: 20 (min=1)
03:08:03,470  INFO main Dialect:<init>:157 - HHH000400: Using dialect: org.hibernate.dialect.MySQL5Dialect
03:08:04,124  INFO main access:getIsolatedConnection:47 - HHH10001501: Connection obtained from JdbcConnectionAccess [org.hibernate.engine.jdbc.env.internal.JdbcEnvironmentInitiator$ConnectionProviderJdbcConnectionAccess@21aa6d6c] for (non-JTA) DDL execution was not in auto-commit mode; the Connection 'local transaction' will be committed and the Connection will be set into auto-commit mode.
03:08:04,164  INFO main HibernateUtil:getEntityManagerFactory:28 - create EntityManagerFactory
03:21:15,761  INFO main LogHelper:logPersistenceUnitInformation:31 - HHH000204: Processing PersistenceUnitInfo [
	name: PERSISTENCE
	...]
03:21:15,902  INFO main Version:logVersion:45 - HHH000412: Hibernate Core {5.2.12.Final}
03:21:15,905  INFO main Environment:<clinit>:198 - HHH000205: Loaded properties from resource hibernate.properties: {hibernate.connection.username=root, hibernate.connection.password=****, hibernate.connection.url=jdbc:mysql://localhost:3306/bookshop, hibernate.bytecode.use_reflection_optimizer=false, hibernate.connection.driver_class=org.postgresql.Driver}
03:21:15,953  INFO main Version:<clinit>:66 - HCANN000001: Hibernate Commons Annotations {5.0.1.Final}
03:21:16,091  WARN main pooling:configure:70 - HHH10001002: Using Hibernate built-in connection pool (not for production use!)
03:21:16,113  INFO main pooling:buildCreator:126 - HHH10001005: using driver [com.mysql.cj.jdbc.Driver] at URL [jdbc:mysql://localhost:3306/bookshop?useLegacyDatetimeCode=false                                                             & serverTimezone=UTC                                                             & useSSL=false]
03:21:16,113  INFO main pooling:buildCreator:135 - HHH10001001: Connection properties: {user=root, password=****}
03:21:16,113  INFO main pooling:buildCreator:140 - HHH10001003: Autocommit mode: false
03:21:16,116  INFO main DriverManagerConnectionProviderImpl:<init>:41 - HHH000115: Hibernate connection pool size: 20 (min=1)
03:21:16,468  INFO main Dialect:<init>:157 - HHH000400: Using dialect: org.hibernate.dialect.MySQL5Dialect
03:21:17,167  INFO main access:getIsolatedConnection:47 - HHH10001501: Connection obtained from JdbcConnectionAccess [org.hibernate.engine.jdbc.env.internal.JdbcEnvironmentInitiator$ConnectionProviderJdbcConnectionAccess@21aa6d6c] for (non-JTA) DDL execution was not in auto-commit mode; the Connection 'local transaction' will be committed and the Connection will be set into auto-commit mode.
03:21:17,206  INFO main HibernateUtil:getEntityManagerFactory:28 - create EntityManagerFactory
03:23:32,670  INFO main LogHelper:logPersistenceUnitInformation:31 - HHH000204: Processing PersistenceUnitInfo [
	name: PERSISTENCE
	...]
03:23:33,036  INFO main Version:logVersion:45 - HHH000412: Hibernate Core {5.2.12.Final}
03:23:33,048  INFO main Environment:<clinit>:198 - HHH000205: Loaded properties from resource hibernate.properties: {hibernate.connection.username=root, hibernate.connection.password=****, hibernate.connection.url=jdbc:mysql://localhost:3306/bookshop, hibernate.bytecode.use_reflection_optimizer=false, hibernate.connection.driver_class=org.postgresql.Driver}
03:23:33,217  INFO main Version:<clinit>:66 - HCANN000001: Hibernate Commons Annotations {5.0.1.Final}
03:23:33,564  WARN main pooling:configure:70 - HHH10001002: Using Hibernate built-in connection pool (not for production use!)
03:23:33,574  INFO main pooling:buildCreator:126 - HHH10001005: using driver [com.mysql.cj.jdbc.Driver] at URL [jdbc:mysql://localhost:3306/bookshop?useLegacyDatetimeCode=false                                                             & serverTimezone=UTC                                                             & useSSL=false]
03:23:33,575  INFO main pooling:buildCreator:135 - HHH10001001: Connection properties: {user=root, password=****}
03:23:33,575  INFO main pooling:buildCreator:140 - HHH10001003: Autocommit mode: false
03:23:33,582  INFO main DriverManagerConnectionProviderImpl:<init>:41 - HHH000115: Hibernate connection pool size: 20 (min=1)
03:23:33,957  INFO main Dialect:<init>:157 - HHH000400: Using dialect: org.hibernate.dialect.MySQL5Dialect
03:23:34,812  INFO main access:getIsolatedConnection:47 - HHH10001501: Connection obtained from JdbcConnectionAccess [org.hibernate.engine.jdbc.env.internal.JdbcEnvironmentInitiator$ConnectionProviderJdbcConnectionAccess@5cb042da] for (non-JTA) DDL execution was not in auto-commit mode; the Connection 'local transaction' will be committed and the Connection will be set into auto-commit mode.
03:23:34,860  INFO main HibernateUtil:getEntityManagerFactory:28 - create EntityManagerFactory
03:25:42,786  INFO main LogHelper:logPersistenceUnitInformation:31 - HHH000204: Processing PersistenceUnitInfo [
	name: PERSISTENCE
	...]
03:25:42,977  INFO main Version:logVersion:45 - HHH000412: Hibernate Core {5.2.12.Final}
03:25:43,013  INFO main Environment:<clinit>:198 - HHH000205: Loaded properties from resource hibernate.properties: {hibernate.connection.username=root, hibernate.connection.password=****, hibernate.connection.url=jdbc:mysql://localhost:3306/bookshop, hibernate.bytecode.use_reflection_optimizer=false, hibernate.connection.driver_class=org.postgresql.Driver}
03:25:43,136  INFO main Version:<clinit>:66 - HCANN000001: Hibernate Commons Annotations {5.0.1.Final}
03:25:43,472  WARN main pooling:configure:70 - HHH10001002: Using Hibernate built-in connection pool (not for production use!)
03:25:43,487  INFO main pooling:buildCreator:126 - HHH10001005: using driver [com.mysql.cj.jdbc.Driver] at URL [jdbc:mysql://localhost:3306/bookshop?useLegacyDatetimeCode=false                                                             & serverTimezone=UTC                                                             & useSSL=false]
03:25:43,487  INFO main pooling:buildCreator:135 - HHH10001001: Connection properties: {user=root, password=****}
03:25:43,488  INFO main pooling:buildCreator:140 - HHH10001003: Autocommit mode: false
03:25:43,495  INFO main DriverManagerConnectionProviderImpl:<init>:41 - HHH000115: Hibernate connection pool size: 20 (min=1)
03:25:43,983  INFO main Dialect:<init>:157 - HHH000400: Using dialect: org.hibernate.dialect.MySQL5Dialect
03:25:44,841  INFO main access:getIsolatedConnection:47 - HHH10001501: Connection obtained from JdbcConnectionAccess [org.hibernate.engine.jdbc.env.internal.JdbcEnvironmentInitiator$ConnectionProviderJdbcConnectionAccess@571a9686] for (non-JTA) DDL execution was not in auto-commit mode; the Connection 'local transaction' will be committed and the Connection will be set into auto-commit mode.
03:25:44,889  INFO main HibernateUtil:getEntityManagerFactory:28 - create EntityManagerFactory
03:26:00,392  INFO main LogHelper:logPersistenceUnitInformation:31 - HHH000204: Processing PersistenceUnitInfo [
	name: PERSISTENCE
	...]
03:26:00,595  INFO main Version:logVersion:45 - HHH000412: Hibernate Core {5.2.12.Final}
03:26:00,605  INFO main Environment:<clinit>:198 - HHH000205: Loaded properties from resource hibernate.properties: {hibernate.connection.username=root, hibernate.connection.password=****, hibernate.connection.url=jdbc:mysql://localhost:3306/bookshop, hibernate.bytecode.use_reflection_optimizer=false, hibernate.connection.driver_class=org.postgresql.Driver}
03:26:00,755  INFO main Version:<clinit>:66 - HCANN000001: Hibernate Commons Annotations {5.0.1.Final}
03:26:01,102  WARN main pooling:configure:70 - HHH10001002: Using Hibernate built-in connection pool (not for production use!)
03:26:01,110  INFO main pooling:buildCreator:126 - HHH10001005: using driver [com.mysql.cj.jdbc.Driver] at URL [jdbc:mysql://localhost:3306/bookshop?useLegacyDatetimeCode=false                                                             & serverTimezone=UTC                                                             & useSSL=false]
03:26:01,111  INFO main pooling:buildCreator:135 - HHH10001001: Connection properties: {user=root, password=****}
03:26:01,111  INFO main pooling:buildCreator:140 - HHH10001003: Autocommit mode: false
03:26:01,117  INFO main DriverManagerConnectionProviderImpl:<init>:41 - HHH000115: Hibernate connection pool size: 20 (min=1)
03:26:01,590  INFO main Dialect:<init>:157 - HHH000400: Using dialect: org.hibernate.dialect.MySQL5Dialect
03:26:02,431  INFO main access:getIsolatedConnection:47 - HHH10001501: Connection obtained from JdbcConnectionAccess [org.hibernate.engine.jdbc.env.internal.JdbcEnvironmentInitiator$ConnectionProviderJdbcConnectionAccess@5cb042da] for (non-JTA) DDL execution was not in auto-commit mode; the Connection 'local transaction' will be committed and the Connection will be set into auto-commit mode.
03:26:02,488  INFO main HibernateUtil:getEntityManagerFactory:28 - create EntityManagerFactory
03:31:30,515  INFO main LogHelper:logPersistenceUnitInformation:31 - HHH000204: Processing PersistenceUnitInfo [
	name: PERSISTENCE
	...]
03:31:30,645  INFO main Version:logVersion:45 - HHH000412: Hibernate Core {5.2.12.Final}
03:31:30,648  INFO main Environment:<clinit>:198 - HHH000205: Loaded properties from resource hibernate.properties: {hibernate.connection.username=root, hibernate.connection.password=****, hibernate.connection.url=jdbc:mysql://localhost:3306/bookshop, hibernate.bytecode.use_reflection_optimizer=false, hibernate.connection.driver_class=org.postgresql.Driver}
03:31:30,698  INFO main Version:<clinit>:66 - HCANN000001: Hibernate Commons Annotations {5.0.1.Final}
03:31:30,840  WARN main pooling:configure:70 - HHH10001002: Using Hibernate built-in connection pool (not for production use!)
03:31:30,900  INFO main pooling:buildCreator:126 - HHH10001005: using driver [com.mysql.cj.jdbc.Driver] at URL [jdbc:mysql://localhost:3306/bookshop?useLegacyDatetimeCode=false                                                             & serverTimezone=UTC                                                             & useSSL=false]
03:31:30,901  INFO main pooling:buildCreator:135 - HHH10001001: Connection properties: {user=root, password=****}
03:31:30,901  INFO main pooling:buildCreator:140 - HHH10001003: Autocommit mode: false
03:31:30,904  INFO main DriverManagerConnectionProviderImpl:<init>:41 - HHH000115: Hibernate connection pool size: 20 (min=1)
03:31:31,222  INFO main Dialect:<init>:157 - HHH000400: Using dialect: org.hibernate.dialect.MySQL5Dialect
03:31:32,062  INFO main access:getIsolatedConnection:47 - HHH10001501: Connection obtained from JdbcConnectionAccess [org.hibernate.engine.jdbc.env.internal.JdbcEnvironmentInitiator$ConnectionProviderJdbcConnectionAccess@40e10ff8] for (non-JTA) DDL execution was not in auto-commit mode; the Connection 'local transaction' will be committed and the Connection will be set into auto-commit mode.
03:31:32,102  INFO main HibernateUtil:getEntityManagerFactory:28 - create EntityManagerFactory
03:35:23,835  INFO main LogHelper:logPersistenceUnitInformation:31 - HHH000204: Processing PersistenceUnitInfo [
	name: PERSISTENCE
	...]
03:35:23,956  INFO main Version:logVersion:45 - HHH000412: Hibernate Core {5.2.12.Final}
03:35:23,959  INFO main Environment:<clinit>:198 - HHH000205: Loaded properties from resource hibernate.properties: {hibernate.connection.username=root, hibernate.connection.password=****, hibernate.connection.url=jdbc:mysql://localhost:3306/bookshop, hibernate.bytecode.use_reflection_optimizer=false, hibernate.connection.driver_class=org.postgresql.Driver}
03:35:24,006  INFO main Version:<clinit>:66 - HCANN000001: Hibernate Commons Annotations {5.0.1.Final}
03:35:24,249  WARN main pooling:configure:70 - HHH10001002: Using Hibernate built-in connection pool (not for production use!)
03:35:24,313  INFO main pooling:buildCreator:126 - HHH10001005: using driver [com.mysql.cj.jdbc.Driver] at URL [jdbc:mysql://localhost:3306/bookshop?useLegacyDatetimeCode=false                                                             & serverTimezone=UTC                                                             & useSSL=false]
03:35:24,313  INFO main pooling:buildCreator:135 - HHH10001001: Connection properties: {user=root, password=****}
03:35:24,314  INFO main pooling:buildCreator:140 - HHH10001003: Autocommit mode: false
03:35:24,317  INFO main DriverManagerConnectionProviderImpl:<init>:41 - HHH000115: Hibernate connection pool size: 20 (min=1)
03:35:24,626  INFO main Dialect:<init>:157 - HHH000400: Using dialect: org.hibernate.dialect.MySQL5Dialect
03:35:25,291  INFO main access:getIsolatedConnection:47 - HHH10001501: Connection obtained from JdbcConnectionAccess [org.hibernate.engine.jdbc.env.internal.JdbcEnvironmentInitiator$ConnectionProviderJdbcConnectionAccess@40e10ff8] for (non-JTA) DDL execution was not in auto-commit mode; the Connection 'local transaction' will be committed and the Connection will be set into auto-commit mode.
03:35:25,324  INFO main HibernateUtil:getEntityManagerFactory:29 - create EntityManagerFactory
03:42:42,187  INFO main LogHelper:logPersistenceUnitInformation:31 - HHH000204: Processing PersistenceUnitInfo [
	name: PERSISTENCE
	...]
03:42:42,315  INFO main Version:logVersion:45 - HHH000412: Hibernate Core {5.2.12.Final}
03:42:42,318  INFO main Environment:<clinit>:198 - HHH000205: Loaded properties from resource hibernate.properties: {hibernate.connection.username=root, hibernate.connection.password=****, hibernate.connection.url=jdbc:mysql://localhost:3306/bookshop, hibernate.bytecode.use_reflection_optimizer=false, hibernate.connection.driver_class=org.postgresql.Driver}
03:42:42,363  INFO main Version:<clinit>:66 - HCANN000001: Hibernate Commons Annotations {5.0.1.Final}
03:42:42,503  WARN main pooling:configure:70 - HHH10001002: Using Hibernate built-in connection pool (not for production use!)
03:42:42,507  INFO main pooling:buildCreator:126 - HHH10001005: using driver [com.mysql.cj.jdbc.Driver] at URL [jdbc:mysql://localhost:3306/bookshop?useLegacyDatetimeCode=false                                                             & serverTimezone=UTC                                                             & useSSL=false]
03:42:42,507  INFO main pooling:buildCreator:135 - HHH10001001: Connection properties: {user=root, password=****}
03:42:42,508  INFO main pooling:buildCreator:140 - HHH10001003: Autocommit mode: false
03:42:42,511  INFO main DriverManagerConnectionProviderImpl:<init>:41 - HHH000115: Hibernate connection pool size: 20 (min=1)
03:42:42,866  INFO main Dialect:<init>:157 - HHH000400: Using dialect: org.hibernate.dialect.MySQL5Dialect
03:42:43,578  INFO main access:getIsolatedConnection:47 - HHH10001501: Connection obtained from JdbcConnectionAccess [org.hibernate.engine.jdbc.env.internal.JdbcEnvironmentInitiator$ConnectionProviderJdbcConnectionAccess@40e10ff8] for (non-JTA) DDL execution was not in auto-commit mode; the Connection 'local transaction' will be committed and the Connection will be set into auto-commit mode.
03:42:43,626  INFO main HibernateUtil:getEntityManagerFactory:29 - create EntityManagerFactory
03:42:43,759  INFO main QueryTranslatorFactoryInitiator:initiateService:47 - HHH000397: Using ASTQueryTranslatorFactory
03:43:30,528  INFO main LogHelper:logPersistenceUnitInformation:31 - HHH000204: Processing PersistenceUnitInfo [
	name: PERSISTENCE
	...]
03:43:30,660  INFO main Version:logVersion:45 - HHH000412: Hibernate Core {5.2.12.Final}
03:43:30,664  INFO main Environment:<clinit>:198 - HHH000205: Loaded properties from resource hibernate.properties: {hibernate.connection.username=root, hibernate.connection.password=****, hibernate.connection.url=jdbc:mysql://localhost:3306/bookshop, hibernate.bytecode.use_reflection_optimizer=false, hibernate.connection.driver_class=org.postgresql.Driver}
03:43:30,719  INFO main Version:<clinit>:66 - HCANN000001: Hibernate Commons Annotations {5.0.1.Final}
03:43:30,905  WARN main pooling:configure:70 - HHH10001002: Using Hibernate built-in connection pool (not for production use!)
03:43:30,910  INFO main pooling:buildCreator:126 - HHH10001005: using driver [com.mysql.cj.jdbc.Driver] at URL [jdbc:mysql://localhost:3306/bookshop?useLegacyDatetimeCode=false                                                             & serverTimezone=UTC                                                             & useSSL=false]
03:43:30,911  INFO main pooling:buildCreator:135 - HHH10001001: Connection properties: {user=root, password=****}
03:43:30,911  INFO main pooling:buildCreator:140 - HHH10001003: Autocommit mode: false
03:43:30,914  INFO main DriverManagerConnectionProviderImpl:<init>:41 - HHH000115: Hibernate connection pool size: 20 (min=1)
03:43:31,225  INFO main Dialect:<init>:157 - HHH000400: Using dialect: org.hibernate.dialect.MySQL5Dialect
03:43:31,921  INFO main access:getIsolatedConnection:47 - HHH10001501: Connection obtained from JdbcConnectionAccess [org.hibernate.engine.jdbc.env.internal.JdbcEnvironmentInitiator$ConnectionProviderJdbcConnectionAccess@40e10ff8] for (non-JTA) DDL execution was not in auto-commit mode; the Connection 'local transaction' will be committed and the Connection will be set into auto-commit mode.
03:43:31,971  INFO main HibernateUtil:getEntityManagerFactory:29 - create EntityManagerFactory
03:43:32,070  INFO main QueryTranslatorFactoryInitiator:initiateService:47 - HHH000397: Using ASTQueryTranslatorFactory
03:43:32,188  INFO main pooling:stop:230 - HHH10001008: Cleaning up connection pool [jdbc:mysql://localhost:3306/bookshop?useLegacyDatetimeCode=false                                                             & serverTimezone=UTC                                                             & useSSL=false]
04:11:48,912  INFO main LogHelper:logPersistenceUnitInformation:31 - HHH000204: Processing PersistenceUnitInfo [
	name: PERSISTENCE
	...]
04:11:49,034  INFO main Version:logVersion:45 - HHH000412: Hibernate Core {5.2.12.Final}
04:11:49,037  INFO main Environment:<clinit>:198 - HHH000205: Loaded properties from resource hibernate.properties: {hibernate.connection.username=root, hibernate.connection.password=****, hibernate.connection.url=jdbc:mysql://localhost:3306/bookshop, hibernate.bytecode.use_reflection_optimizer=false, hibernate.connection.driver_class=org.postgresql.Driver}
04:11:49,077  INFO main Version:<clinit>:66 - HCANN000001: Hibernate Commons Annotations {5.0.1.Final}
04:11:49,209  WARN main pooling:configure:70 - HHH10001002: Using Hibernate built-in connection pool (not for production use!)
04:11:49,213  INFO main pooling:buildCreator:126 - HHH10001005: using driver [com.mysql.cj.jdbc.Driver] at URL [jdbc:mysql://localhost:3306/bookshop?useLegacyDatetimeCode=false                                                             & serverTimezone=UTC                                                             & useSSL=false]
04:11:49,213  INFO main pooling:buildCreator:135 - HHH10001001: Connection properties: {user=root, password=****}
04:11:49,213  INFO main pooling:buildCreator:140 - HHH10001003: Autocommit mode: false
04:11:49,220  INFO main DriverManagerConnectionProviderImpl:<init>:41 - HHH000115: Hibernate connection pool size: 20 (min=1)
04:11:49,526  INFO main Dialect:<init>:157 - HHH000400: Using dialect: org.hibernate.dialect.MySQL5Dialect
04:11:50,313  INFO main access:getIsolatedConnection:47 - HHH10001501: Connection obtained from JdbcConnectionAccess [org.hibernate.engine.jdbc.env.internal.JdbcEnvironmentInitiator$ConnectionProviderJdbcConnectionAccess@40e10ff8] for (non-JTA) DDL execution was not in auto-commit mode; the Connection 'local transaction' will be committed and the Connection will be set into auto-commit mode.
04:11:50,371  INFO main HibernateUtil:getEntityManagerFactory:29 - create EntityManagerFactory
04:30:08,979  INFO main LogHelper:logPersistenceUnitInformation:31 - HHH000204: Processing PersistenceUnitInfo [
	name: PERSISTENCE
	...]
04:30:09,103  INFO main Version:logVersion:45 - HHH000412: Hibernate Core {5.2.12.Final}
04:30:09,107  INFO main Environment:<clinit>:198 - HHH000205: Loaded properties from resource hibernate.properties: {hibernate.connection.username=root, hibernate.connection.password=****, hibernate.connection.url=jdbc:mysql://localhost:3306/bookshop, hibernate.bytecode.use_reflection_optimizer=false, hibernate.connection.driver_class=org.postgresql.Driver}
04:30:09,152  INFO main Version:<clinit>:66 - HCANN000001: Hibernate Commons Annotations {5.0.1.Final}
04:30:09,377  WARN main pooling:configure:70 - HHH10001002: Using Hibernate built-in connection pool (not for production use!)
04:30:09,420  INFO main pooling:buildCreator:126 - HHH10001005: using driver [com.mysql.cj.jdbc.Driver] at URL [jdbc:mysql://localhost:3306/bookshop?useLegacyDatetimeCode=false                                                             & serverTimezone=UTC                                                             & useSSL=false]
04:30:09,420  INFO main pooling:buildCreator:135 - HHH10001001: Connection properties: {user=root, password=****}
04:30:09,421  INFO main pooling:buildCreator:140 - HHH10001003: Autocommit mode: false
04:30:09,424  INFO main DriverManagerConnectionProviderImpl:<init>:41 - HHH000115: Hibernate connection pool size: 20 (min=1)
04:30:09,710  INFO main Dialect:<init>:157 - HHH000400: Using dialect: org.hibernate.dialect.MySQL5Dialect
04:30:10,339  INFO main access:getIsolatedConnection:47 - HHH10001501: Connection obtained from JdbcConnectionAccess [org.hibernate.engine.jdbc.env.internal.JdbcEnvironmentInitiator$ConnectionProviderJdbcConnectionAccess@40e10ff8] for (non-JTA) DDL execution was not in auto-commit mode; the Connection 'local transaction' will be committed and the Connection will be set into auto-commit mode.
04:30:10,379  INFO main HibernateUtil:getEntityManagerFactory:29 - create EntityManagerFactory
06:09:15,796  INFO main LogHelper:logPersistenceUnitInformation:31 - HHH000204: Processing PersistenceUnitInfo [
	name: PERSISTENCE
	...]
06:09:15,961  INFO main Version:logVersion:45 - HHH000412: Hibernate Core {5.2.12.Final}
06:09:15,965  INFO main Environment:<clinit>:198 - HHH000205: Loaded properties from resource hibernate.properties: {hibernate.connection.username=root, hibernate.connection.password=****, hibernate.connection.url=jdbc:mysql://localhost:3306/bookshop, hibernate.bytecode.use_reflection_optimizer=false, hibernate.connection.driver_class=org.postgresql.Driver}
06:09:16,031  INFO main Version:<clinit>:66 - HCANN000001: Hibernate Commons Annotations {5.0.1.Final}
06:09:16,200  WARN main pooling:configure:70 - HHH10001002: Using Hibernate built-in connection pool (not for production use!)
06:09:16,204  INFO main pooling:buildCreator:126 - HHH10001005: using driver [com.mysql.cj.jdbc.Driver] at URL [jdbc:mysql://localhost:3306/bookshop?useLegacyDatetimeCode=false                                                             & serverTimezone=UTC                                                             & useSSL=false]
06:09:16,205  INFO main pooling:buildCreator:135 - HHH10001001: Connection properties: {user=root, password=****}
06:09:16,205  INFO main pooling:buildCreator:140 - HHH10001003: Autocommit mode: false
06:09:16,208  INFO main DriverManagerConnectionProviderImpl:<init>:41 - HHH000115: Hibernate connection pool size: 20 (min=1)
06:09:16,630  INFO main Dialect:<init>:157 - HHH000400: Using dialect: org.hibernate.dialect.MySQL5Dialect
06:09:17,846  INFO main access:getIsolatedConnection:47 - HHH10001501: Connection obtained from JdbcConnectionAccess [org.hibernate.engine.jdbc.env.internal.JdbcEnvironmentInitiator$ConnectionProviderJdbcConnectionAccess@26a4842b] for (non-JTA) DDL execution was not in auto-commit mode; the Connection 'local transaction' will be committed and the Connection will be set into auto-commit mode.
06:09:17,895  INFO main HibernateUtil:getEntityManagerFactory:29 - create EntityManagerFactory
06:16:55,336  INFO main LogHelper:logPersistenceUnitInformation:31 - HHH000204: Processing PersistenceUnitInfo [
	name: PERSISTENCE
	...]
06:16:55,465  INFO main Version:logVersion:45 - HHH000412: Hibernate Core {5.2.12.Final}
06:16:55,468  INFO main Environment:<clinit>:198 - HHH000205: Loaded properties from resource hibernate.properties: {hibernate.connection.username=root, hibernate.connection.password=****, hibernate.connection.url=jdbc:mysql://localhost:3306/bookshop, hibernate.bytecode.use_reflection_optimizer=false, hibernate.connection.driver_class=org.postgresql.Driver}
06:16:55,514  INFO main Version:<clinit>:66 - HCANN000001: Hibernate Commons Annotations {5.0.1.Final}
06:16:55,648  WARN main pooling:configure:70 - HHH10001002: Using Hibernate built-in connection pool (not for production use!)
06:16:55,652  INFO main pooling:buildCreator:126 - HHH10001005: using driver [com.mysql.cj.jdbc.Driver] at URL [jdbc:mysql://localhost:3306/bookshop?useLegacyDatetimeCode=false                                                             & serverTimezone=UTC                                                             & useSSL=false]
06:16:55,652  INFO main pooling:buildCreator:135 - HHH10001001: Connection properties: {user=root, password=****}
06:16:55,653  INFO main pooling:buildCreator:140 - HHH10001003: Autocommit mode: false
06:16:55,657  INFO main DriverManagerConnectionProviderImpl:<init>:41 - HHH000115: Hibernate connection pool size: 20 (min=1)
06:16:56,034  INFO main Dialect:<init>:157 - HHH000400: Using dialect: org.hibernate.dialect.MySQL5Dialect
06:16:56,789  INFO main access:getIsolatedConnection:47 - HHH10001501: Connection obtained from JdbcConnectionAccess [org.hibernate.engine.jdbc.env.internal.JdbcEnvironmentInitiator$ConnectionProviderJdbcConnectionAccess@26a4842b] for (non-JTA) DDL execution was not in auto-commit mode; the Connection 'local transaction' will be committed and the Connection will be set into auto-commit mode.
06:16:56,832  INFO main HibernateUtil:getEntityManagerFactory:29 - create EntityManagerFactory
06:19:33,320  INFO main LogHelper:logPersistenceUnitInformation:31 - HHH000204: Processing PersistenceUnitInfo [
	name: PERSISTENCE
	...]
06:19:33,457  INFO main Version:logVersion:45 - HHH000412: Hibernate Core {5.2.12.Final}
06:19:33,460  INFO main Environment:<clinit>:198 - HHH000205: Loaded properties from resource hibernate.properties: {hibernate.connection.username=root, hibernate.connection.password=****, hibernate.connection.url=jdbc:mysql://localhost:3306/bookshop, hibernate.bytecode.use_reflection_optimizer=false, hibernate.connection.driver_class=org.postgresql.Driver}
06:19:33,521  INFO main Version:<clinit>:66 - HCANN000001: Hibernate Commons Annotations {5.0.1.Final}
06:19:33,687  WARN main pooling:configure:70 - HHH10001002: Using Hibernate built-in connection pool (not for production use!)
06:19:33,693  INFO main pooling:buildCreator:126 - HHH10001005: using driver [com.mysql.cj.jdbc.Driver] at URL [jdbc:mysql://localhost:3306/bookshop?useLegacyDatetimeCode=false                                                             & serverTimezone=UTC                                                             & useSSL=false]
06:19:33,694  INFO main pooling:buildCreator:135 - HHH10001001: Connection properties: {user=root, password=****}
06:19:33,695  INFO main pooling:buildCreator:140 - HHH10001003: Autocommit mode: false
06:19:33,698  INFO main DriverManagerConnectionProviderImpl:<init>:41 - HHH000115: Hibernate connection pool size: 20 (min=1)
06:19:34,076  INFO main Dialect:<init>:157 - HHH000400: Using dialect: org.hibernate.dialect.MySQL5Dialect
06:19:34,928  INFO main access:getIsolatedConnection:47 - HHH10001501: Connection obtained from JdbcConnectionAccess [org.hibernate.engine.jdbc.env.internal.JdbcEnvironmentInitiator$ConnectionProviderJdbcConnectionAccess@26a4842b] for (non-JTA) DDL execution was not in auto-commit mode; the Connection 'local transaction' will be committed and the Connection will be set into auto-commit mode.
06:19:34,977  INFO main HibernateUtil:getEntityManagerFactory:29 - create EntityManagerFactory
06:19:35,147  INFO main QueryTranslatorFactoryInitiator:initiateService:47 - HHH000397: Using ASTQueryTranslatorFactory
06:19:35,280  INFO main pooling:stop:230 - HHH10001008: Cleaning up connection pool [jdbc:mysql://localhost:3306/bookshop?useLegacyDatetimeCode=false                                                             & serverTimezone=UTC                                                             & useSSL=false]
06:22:26,687  INFO main LogHelper:logPersistenceUnitInformation:31 - HHH000204: Processing PersistenceUnitInfo [
	name: PERSISTENCE
	...]
06:22:26,818  INFO main Version:logVersion:45 - HHH000412: Hibernate Core {5.2.12.Final}
06:22:26,822  INFO main Environment:<clinit>:198 - HHH000205: Loaded properties from resource hibernate.properties: {hibernate.connection.username=root, hibernate.connection.password=****, hibernate.connection.url=jdbc:mysql://localhost:3306/bookshop, hibernate.bytecode.use_reflection_optimizer=false, hibernate.connection.driver_class=org.postgresql.Driver}
06:22:26,875  INFO main Version:<clinit>:66 - HCANN000001: Hibernate Commons Annotations {5.0.1.Final}
06:22:27,028  WARN main pooling:configure:70 - HHH10001002: Using Hibernate built-in connection pool (not for production use!)
06:22:27,032  INFO main pooling:buildCreator:126 - HHH10001005: using driver [com.mysql.cj.jdbc.Driver] at URL [jdbc:mysql://localhost:3306/bookshop?useLegacyDatetimeCode=false                                                             & serverTimezone=UTC                                                             & useSSL=false]
06:22:27,032  INFO main pooling:buildCreator:135 - HHH10001001: Connection properties: {user=root, password=****}
06:22:27,032  INFO main pooling:buildCreator:140 - HHH10001003: Autocommit mode: false
06:22:27,035  INFO main DriverManagerConnectionProviderImpl:<init>:41 - HHH000115: Hibernate connection pool size: 20 (min=1)
06:22:27,481  INFO main Dialect:<init>:157 - HHH000400: Using dialect: org.hibernate.dialect.MySQL5Dialect
06:22:28,479  INFO main access:getIsolatedConnection:47 - HHH10001501: Connection obtained from JdbcConnectionAccess [org.hibernate.engine.jdbc.env.internal.JdbcEnvironmentInitiator$ConnectionProviderJdbcConnectionAccess@26a4842b] for (non-JTA) DDL execution was not in auto-commit mode; the Connection 'local transaction' will be committed and the Connection will be set into auto-commit mode.
06:22:28,511  INFO main HibernateUtil:getEntityManagerFactory:29 - create EntityManagerFactory
06:35:53,005  INFO main LogHelper:logPersistenceUnitInformation:31 - HHH000204: Processing PersistenceUnitInfo [
	name: PERSISTENCE
	...]
06:35:53,143  INFO main Version:logVersion:45 - HHH000412: Hibernate Core {5.2.12.Final}
06:35:53,147  INFO main Environment:<clinit>:198 - HHH000205: Loaded properties from resource hibernate.properties: {hibernate.connection.username=root, hibernate.connection.password=****, hibernate.connection.url=jdbc:mysql://localhost:3306/bookshop, hibernate.bytecode.use_reflection_optimizer=false, hibernate.connection.driver_class=org.postgresql.Driver}
06:35:53,216  INFO main Version:<clinit>:66 - HCANN000001: Hibernate Commons Annotations {5.0.1.Final}
06:35:53,411  WARN main pooling:configure:70 - HHH10001002: Using Hibernate built-in connection pool (not for production use!)
06:35:53,416  INFO main pooling:buildCreator:126 - HHH10001005: using driver [com.mysql.cj.jdbc.Driver] at URL [jdbc:mysql://localhost:3306/bookshop?useLegacyDatetimeCode=false                                                             & serverTimezone=UTC                                                             & useSSL=false]
06:35:53,416  INFO main pooling:buildCreator:135 - HHH10001001: Connection properties: {user=root, password=****}
06:35:53,417  INFO main pooling:buildCreator:140 - HHH10001003: Autocommit mode: false
06:35:53,419  INFO main DriverManagerConnectionProviderImpl:<init>:41 - HHH000115: Hibernate connection pool size: 20 (min=1)
06:35:53,758  INFO main Dialect:<init>:157 - HHH000400: Using dialect: org.hibernate.dialect.MySQL5Dialect
06:35:54,408  INFO main access:getIsolatedConnection:47 - HHH10001501: Connection obtained from JdbcConnectionAccess [org.hibernate.engine.jdbc.env.internal.JdbcEnvironmentInitiator$ConnectionProviderJdbcConnectionAccess@61bcd567] for (non-JTA) DDL execution was not in auto-commit mode; the Connection 'local transaction' will be committed and the Connection will be set into auto-commit mode.
06:35:54,449  INFO main HibernateUtil:getEntityManagerFactory:29 - create EntityManagerFactory
06:35:54,556  INFO main QueryTranslatorFactoryInitiator:initiateService:47 - HHH000397: Using ASTQueryTranslatorFactory
06:35:54,680  INFO main pooling:stop:230 - HHH10001008: Cleaning up connection pool [jdbc:mysql://localhost:3306/bookshop?useLegacyDatetimeCode=false                                                             & serverTimezone=UTC                                                             & useSSL=false]
