16:41:07,276  INFO main PersistenceXmlParser:doResolve:229 - HHH000318: Could not find any META-INF/persistence.xml file in the classpath
16:41:54,743  INFO main LogHelper:logPersistenceUnitInformation:31 - HHH000204: Processing PersistenceUnitInfo [
	name: PERSISTENCE
	...]
16:41:54,887  INFO main Version:logVersion:45 - HHH000412: Hibernate Core {5.2.12.Final}
16:41:54,891  INFO main Environment:<clinit>:198 - HHH000205: Loaded properties from resource hibernate.properties: {hibernate.connection.username=root, hibernate.connection.password=****, hibernate.connection.url=jdbc:mysql://localhost:3306/bookshop, hibernate.bytecode.use_reflection_optimizer=false, hibernate.connection.driver_class=org.postgresql.Driver}
16:41:54,953  INFO main Version:<clinit>:66 - HCANN000001: Hibernate Commons Annotations {5.0.1.Final}
16:41:55,222  WARN main pooling:configure:70 - HHH10001002: Using Hibernate built-in connection pool (not for production use!)
16:41:55,228  INFO main pooling:buildCreator:126 - HHH10001005: using driver [com.mysql.cj.jdbc.Driver] at URL [jdbc:mysql://localhost:3306/bookshop]
16:41:55,228  INFO main pooling:buildCreator:135 - HHH10001001: Connection properties: {user=root, password=****}
16:41:55,229  INFO main pooling:buildCreator:140 - HHH10001003: Autocommit mode: false
16:41:55,231  INFO main DriverManagerConnectionProviderImpl:<init>:41 - HHH000115: Hibernate connection pool size: 20 (min=1)
17:11:46,787  INFO main LogHelper:logPersistenceUnitInformation:31 - HHH000204: Processing PersistenceUnitInfo [
	name: PERSISTENCE
	...]
17:11:46,916  INFO main Version:logVersion:45 - HHH000412: Hibernate Core {5.2.12.Final}
17:11:46,920  INFO main Environment:<clinit>:198 - HHH000205: Loaded properties from resource hibernate.properties: {hibernate.connection.username=root, hibernate.connection.password=****, hibernate.connection.url=jdbc:mysql://localhost:3306/bookshop, hibernate.bytecode.use_reflection_optimizer=false, hibernate.connection.driver_class=org.postgresql.Driver}
17:11:46,962  INFO main Version:<clinit>:66 - HCANN000001: Hibernate Commons Annotations {5.0.1.Final}
17:11:47,143  WARN main pooling:configure:70 - HHH10001002: Using Hibernate built-in connection pool (not for production use!)
17:11:47,148  INFO main pooling:buildCreator:126 - HHH10001005: using driver [com.mysql.cj.jdbc.Driver] at URL [jdbc:mysql://localhost:3306/bookshop]
17:11:47,148  INFO main pooling:buildCreator:135 - HHH10001001: Connection properties: {user=root, password=****}
17:11:47,149  INFO main pooling:buildCreator:140 - HHH10001003: Autocommit mode: false
17:11:47,152  INFO main DriverManagerConnectionProviderImpl:<init>:41 - HHH000115: Hibernate connection pool size: 20 (min=1)
17:30:25,164  INFO main LogHelper:logPersistenceUnitInformation:31 - HHH000204: Processing PersistenceUnitInfo [
	name: PERSISTENCE
	...]
17:30:25,316  INFO main Version:logVersion:45 - HHH000412: Hibernate Core {5.2.12.Final}
17:30:25,320  INFO main Environment:<clinit>:198 - HHH000205: Loaded properties from resource hibernate.properties: {hibernate.connection.username=root, hibernate.connection.password=****, hibernate.connection.url=jdbc:mysql://localhost:3306/bookshop, hibernate.bytecode.use_reflection_optimizer=false, hibernate.connection.driver_class=org.postgresql.Driver}
17:30:25,377  INFO main Version:<clinit>:66 - HCANN000001: Hibernate Commons Annotations {5.0.1.Final}
17:30:25,555  WARN main pooling:configure:70 - HHH10001002: Using Hibernate built-in connection pool (not for production use!)
17:30:25,566  INFO main pooling:buildCreator:126 - HHH10001005: using driver [com.mysql.cj.jdbc.Driver] at URL [jdbc:mysql://localhost:3306/bookshop]
17:30:25,567  INFO main pooling:buildCreator:135 - HHH10001001: Connection properties: {user=root, password=****}
17:30:25,568  INFO main pooling:buildCreator:140 - HHH10001003: Autocommit mode: false
17:30:25,571  INFO main DriverManagerConnectionProviderImpl:<init>:41 - HHH000115: Hibernate connection pool size: 20 (min=1)
17:33:48,223  INFO main LogHelper:logPersistenceUnitInformation:31 - HHH000204: Processing PersistenceUnitInfo [
	name: PERSISTENCE
	...]
17:33:48,386  INFO main Version:logVersion:45 - HHH000412: Hibernate Core {5.2.12.Final}
17:33:48,390  INFO main Environment:<clinit>:198 - HHH000205: Loaded properties from resource hibernate.properties: {hibernate.connection.username=root, hibernate.connection.password=****, hibernate.connection.url=jdbc:mysql://localhost:3306/bookshop, hibernate.bytecode.use_reflection_optimizer=false, hibernate.connection.driver_class=org.postgresql.Driver}
17:33:48,439  INFO main Version:<clinit>:66 - HCANN000001: Hibernate Commons Annotations {5.0.1.Final}
17:33:48,626  WARN main pooling:configure:70 - HHH10001002: Using Hibernate built-in connection pool (not for production use!)
17:33:48,630  INFO main pooling:buildCreator:126 - HHH10001005: using driver [com.mysql.cj.jdbc.Driver] at URL [jdbc:mysql://localhost:3306/bookshop]
17:33:48,631  INFO main pooling:buildCreator:135 - HHH10001001: Connection properties: {user=root, password=****}
17:33:48,631  INFO main pooling:buildCreator:140 - HHH10001003: Autocommit mode: false
17:33:48,634  INFO main DriverManagerConnectionProviderImpl:<init>:41 - HHH000115: Hibernate connection pool size: 20 (min=1)
18:05:52,081  INFO main LogHelper:logPersistenceUnitInformation:31 - HHH000204: Processing PersistenceUnitInfo [
	name: PERSISTENCE
	...]
18:05:52,201  INFO main Version:logVersion:45 - HHH000412: Hibernate Core {5.2.12.Final}
18:05:52,205  INFO main Environment:<clinit>:198 - HHH000205: Loaded properties from resource hibernate.properties: {hibernate.connection.username=root, hibernate.connection.password=****, hibernate.connection.url=jdbc:mysql://localhost:3306/bookshop, hibernate.bytecode.use_reflection_optimizer=false, hibernate.connection.driver_class=org.postgresql.Driver}
18:05:52,248  INFO main Version:<clinit>:66 - HCANN000001: Hibernate Commons Annotations {5.0.1.Final}
18:05:52,460  WARN main pooling:configure:70 - HHH10001002: Using Hibernate built-in connection pool (not for production use!)
18:05:52,464  INFO main pooling:buildCreator:126 - HHH10001005: using driver [com.mysql.cj.jdbc.Driver] at URL [jdbc:mysql://localhost:3306/bookshop?useLegacyDatetimeCode=false&serverTimezone=UTC]
18:05:52,465  INFO main pooling:buildCreator:135 - HHH10001001: Connection properties: {user=root, password=****}
18:05:52,465  INFO main pooling:buildCreator:140 - HHH10001003: Autocommit mode: false
18:05:52,468  INFO main DriverManagerConnectionProviderImpl:<init>:41 - HHH000115: Hibernate connection pool size: 20 (min=1)
18:05:52,765  INFO main Dialect:<init>:157 - HHH000400: Using dialect: org.hibernate.dialect.MySQL5Dialect
18:05:53,071  INFO main access:getIsolatedConnection:47 - HHH10001501: Connection obtained from JdbcConnectionAccess [org.hibernate.engine.jdbc.env.internal.JdbcEnvironmentInitiator$ConnectionProviderJdbcConnectionAccess@2049a9c1] for (non-JTA) DDL execution was not in auto-commit mode; the Connection 'local transaction' will be committed and the Connection will be set into auto-commit mode.
18:09:29,821  INFO main LogHelper:logPersistenceUnitInformation:31 - HHH000204: Processing PersistenceUnitInfo [
	name: PERSISTENCE
	...]
18:09:29,947  INFO main Version:logVersion:45 - HHH000412: Hibernate Core {5.2.12.Final}
18:09:29,950  INFO main Environment:<clinit>:198 - HHH000205: Loaded properties from resource hibernate.properties: {hibernate.connection.username=root, hibernate.connection.password=****, hibernate.connection.url=jdbc:mysql://localhost:3306/bookshop, hibernate.bytecode.use_reflection_optimizer=false, hibernate.connection.driver_class=org.postgresql.Driver}
18:09:29,994  INFO main Version:<clinit>:66 - HCANN000001: Hibernate Commons Annotations {5.0.1.Final}
18:09:30,148  WARN main pooling:configure:70 - HHH10001002: Using Hibernate built-in connection pool (not for production use!)
18:09:30,152  INFO main pooling:buildCreator:126 - HHH10001005: using driver [com.mysql.cj.jdbc.Driver] at URL [jdbc:mysql://localhost:3306/bookshop?useLegacyDatetimeCode=false&serverTimezone=UTC]
18:09:30,153  INFO main pooling:buildCreator:135 - HHH10001001: Connection properties: {user=root, password=****}
18:09:30,153  INFO main pooling:buildCreator:140 - HHH10001003: Autocommit mode: false
18:09:30,156  INFO main DriverManagerConnectionProviderImpl:<init>:41 - HHH000115: Hibernate connection pool size: 20 (min=1)
18:09:30,455  INFO main Dialect:<init>:157 - HHH000400: Using dialect: org.hibernate.dialect.MySQL5Dialect
18:09:30,780  INFO main access:getIsolatedConnection:47 - HHH10001501: Connection obtained from JdbcConnectionAccess [org.hibernate.engine.jdbc.env.internal.JdbcEnvironmentInitiator$ConnectionProviderJdbcConnectionAccess@2049a9c1] for (non-JTA) DDL execution was not in auto-commit mode; the Connection 'local transaction' will be committed and the Connection will be set into auto-commit mode.
18:14:41,240  INFO main LogHelper:logPersistenceUnitInformation:31 - HHH000204: Processing PersistenceUnitInfo [
	name: PERSISTENCE
	...]
18:14:41,383  INFO main Version:logVersion:45 - HHH000412: Hibernate Core {5.2.12.Final}
18:14:41,387  INFO main Environment:<clinit>:198 - HHH000205: Loaded properties from resource hibernate.properties: {hibernate.connection.username=root, hibernate.connection.password=****, hibernate.connection.url=jdbc:mysql://localhost:3306/bookshop, hibernate.bytecode.use_reflection_optimizer=false, hibernate.connection.driver_class=org.postgresql.Driver}
18:14:41,489  INFO main Version:<clinit>:66 - HCANN000001: Hibernate Commons Annotations {5.0.1.Final}
18:14:41,833  WARN main pooling:configure:70 - HHH10001002: Using Hibernate built-in connection pool (not for production use!)
18:14:41,842  INFO main pooling:buildCreator:126 - HHH10001005: using driver [com.mysql.cj.jdbc.Driver] at URL [jdbc:mysql://localhost:3306/bookshop?useLegacyDatetimeCode=false&serverTimezone=UTC]
18:14:41,852  INFO main pooling:buildCreator:135 - HHH10001001: Connection properties: {user=root, password=****}
18:14:41,852  INFO main pooling:buildCreator:140 - HHH10001003: Autocommit mode: false
18:14:41,856  INFO main DriverManagerConnectionProviderImpl:<init>:41 - HHH000115: Hibernate connection pool size: 20 (min=1)
18:14:42,179  INFO main Dialect:<init>:157 - HHH000400: Using dialect: org.hibernate.dialect.MySQL5Dialect
18:14:42,485  INFO main access:getIsolatedConnection:47 - HHH10001501: Connection obtained from JdbcConnectionAccess [org.hibernate.engine.jdbc.env.internal.JdbcEnvironmentInitiator$ConnectionProviderJdbcConnectionAccess@2049a9c1] for (non-JTA) DDL execution was not in auto-commit mode; the Connection 'local transaction' will be committed and the Connection will be set into auto-commit mode.
22:10:49,677  INFO main LogHelper:logPersistenceUnitInformation:31 - HHH000204: Processing PersistenceUnitInfo [
	name: PERSISTENCE
	...]
22:10:49,828  INFO main Version:logVersion:45 - HHH000412: Hibernate Core {5.2.12.Final}
22:10:49,834  INFO main Environment:<clinit>:198 - HHH000205: Loaded properties from resource hibernate.properties: {hibernate.connection.username=root, hibernate.connection.password=****, hibernate.connection.url=jdbc:mysql://localhost:3306/bookshop, hibernate.bytecode.use_reflection_optimizer=false, hibernate.connection.driver_class=org.postgresql.Driver}
22:10:49,887  INFO main Version:<clinit>:66 - HCANN000001: Hibernate Commons Annotations {5.0.1.Final}
22:10:50,937  WARN main pooling:configure:70 - HHH10001002: Using Hibernate built-in connection pool (not for production use!)
01:24:06,934  INFO main LogHelper:logPersistenceUnitInformation:31 - HHH000204: Processing PersistenceUnitInfo [
	name: PERSISTENCE
	...]
01:24:07,073  INFO main Version:logVersion:45 - HHH000412: Hibernate Core {5.2.12.Final}
01:24:07,077  INFO main Environment:<clinit>:198 - HHH000205: Loaded properties from resource hibernate.properties: {hibernate.connection.username=root, hibernate.connection.password=****, hibernate.connection.url=jdbc:mysql://localhost:3306/bookshop, hibernate.bytecode.use_reflection_optimizer=false, hibernate.connection.driver_class=org.postgresql.Driver}
01:24:07,156  INFO main Version:<clinit>:66 - HCANN000001: Hibernate Commons Annotations {5.0.1.Final}
01:24:07,333  WARN main pooling:configure:70 - HHH10001002: Using Hibernate built-in connection pool (not for production use!)
01:24:07,338  INFO main pooling:buildCreator:126 - HHH10001005: using driver [com.mysql.cj.jdbc.Driver] at URL [jdbc:mysql://localhost:3306/bookshop?useLegacyDatetimeCode=false&serverTimezone=UTC]
01:24:07,338  INFO main pooling:buildCreator:135 - HHH10001001: Connection properties: {user=root, password=****}
01:24:07,338  INFO main pooling:buildCreator:140 - HHH10001003: Autocommit mode: false
01:24:07,341  INFO main DriverManagerConnectionProviderImpl:<init>:41 - HHH000115: Hibernate connection pool size: 20 (min=1)
01:24:07,636  INFO main Dialect:<init>:157 - HHH000400: Using dialect: org.hibernate.dialect.MySQL5Dialect
01:24:08,129  INFO main access:getIsolatedConnection:47 - HHH10001501: Connection obtained from JdbcConnectionAccess [org.hibernate.engine.jdbc.env.internal.JdbcEnvironmentInitiator$ConnectionProviderJdbcConnectionAccess@2049a9c1] for (non-JTA) DDL execution was not in auto-commit mode; the Connection 'local transaction' will be committed and the Connection will be set into auto-commit mode.
01:30:38,715  INFO main LogHelper:logPersistenceUnitInformation:31 - HHH000204: Processing PersistenceUnitInfo [
	name: PERSISTENCE
	...]
01:30:38,836  INFO main Version:logVersion:45 - HHH000412: Hibernate Core {5.2.12.Final}
01:30:38,840  INFO main Environment:<clinit>:198 - HHH000205: Loaded properties from resource hibernate.properties: {hibernate.connection.username=root, hibernate.connection.password=****, hibernate.connection.url=jdbc:mysql://localhost:3306/bookshop, hibernate.bytecode.use_reflection_optimizer=false, hibernate.connection.driver_class=org.postgresql.Driver}
01:30:38,894  INFO main Version:<clinit>:66 - HCANN000001: Hibernate Commons Annotations {5.0.1.Final}
01:30:39,049  WARN main pooling:configure:70 - HHH10001002: Using Hibernate built-in connection pool (not for production use!)
01:30:39,053  INFO main pooling:buildCreator:126 - HHH10001005: using driver [com.mysql.cj.jdbc.Driver] at URL [jdbc:mysql://localhost:3306/bookshop?useLegacyDatetimeCode=false&serverTimezone=UTC]
01:30:39,054  INFO main pooling:buildCreator:135 - HHH10001001: Connection properties: {user=root, password=****}
01:30:39,054  INFO main pooling:buildCreator:140 - HHH10001003: Autocommit mode: false
01:30:39,056  INFO main DriverManagerConnectionProviderImpl:<init>:41 - HHH000115: Hibernate connection pool size: 20 (min=1)
01:30:39,430  INFO main Dialect:<init>:157 - HHH000400: Using dialect: org.hibernate.dialect.MySQL5Dialect
01:31:23,631  INFO main LogHelper:logPersistenceUnitInformation:31 - HHH000204: Processing PersistenceUnitInfo [
	name: PERSISTENCE
	...]
01:31:23,756  INFO main Version:logVersion:45 - HHH000412: Hibernate Core {5.2.12.Final}
01:31:23,761  INFO main Environment:<clinit>:198 - HHH000205: Loaded properties from resource hibernate.properties: {hibernate.connection.username=root, hibernate.connection.password=****, hibernate.connection.url=jdbc:mysql://localhost:3306/bookshop, hibernate.bytecode.use_reflection_optimizer=false, hibernate.connection.driver_class=org.postgresql.Driver}
01:31:23,814  INFO main Version:<clinit>:66 - HCANN000001: Hibernate Commons Annotations {5.0.1.Final}
01:31:23,972  WARN main pooling:configure:70 - HHH10001002: Using Hibernate built-in connection pool (not for production use!)
01:31:23,979  INFO main pooling:buildCreator:126 - HHH10001005: using driver [com.mysql.cj.jdbc.Driver] at URL [jdbc:mysql://localhost:3306/bookshop?useLegacyDatetimeCode=false&serverTimezone=UTC]
01:31:23,980  INFO main pooling:buildCreator:135 - HHH10001001: Connection properties: {user=root, password=****}
01:31:23,980  INFO main pooling:buildCreator:140 - HHH10001003: Autocommit mode: false
01:31:23,984  INFO main DriverManagerConnectionProviderImpl:<init>:41 - HHH000115: Hibernate connection pool size: 20 (min=1)
01:31:24,316  INFO main Dialect:<init>:157 - HHH000400: Using dialect: org.hibernate.dialect.MySQL5Dialect
01:31:24,910  INFO main access:getIsolatedConnection:47 - HHH10001501: Connection obtained from JdbcConnectionAccess [org.hibernate.engine.jdbc.env.internal.JdbcEnvironmentInitiator$ConnectionProviderJdbcConnectionAccess@c260bdc] for (non-JTA) DDL execution was not in auto-commit mode; the Connection 'local transaction' will be committed and the Connection will be set into auto-commit mode.
01:58:44,973  INFO main LogHelper:logPersistenceUnitInformation:31 - HHH000204: Processing PersistenceUnitInfo [
	name: PERSISTENCE
	...]
01:58:45,097  INFO main Version:logVersion:45 - HHH000412: Hibernate Core {5.2.12.Final}
01:58:45,101  INFO main Environment:<clinit>:198 - HHH000205: Loaded properties from resource hibernate.properties: {hibernate.connection.username=root, hibernate.connection.password=****, hibernate.connection.url=jdbc:mysql://localhost:3306/bookshop, hibernate.bytecode.use_reflection_optimizer=false, hibernate.connection.driver_class=org.postgresql.Driver}
01:58:45,161  INFO main Version:<clinit>:66 - HCANN000001: Hibernate Commons Annotations {5.0.1.Final}
01:58:45,309  WARN main pooling:configure:70 - HHH10001002: Using Hibernate built-in connection pool (not for production use!)
01:58:45,316  INFO main pooling:buildCreator:126 - HHH10001005: using driver [com.mysql.cj.jdbc.Driver] at URL [jdbc:mysql://localhost:3306/bookshop?useLegacyDatetimeCode=false                                                             & serverTimezone=UTC                                                             & useSSL=false]
01:58:45,316  INFO main pooling:buildCreator:135 - HHH10001001: Connection properties: {user=root, password=****}
01:58:45,317  INFO main pooling:buildCreator:140 - HHH10001003: Autocommit mode: false
01:58:45,320  INFO main DriverManagerConnectionProviderImpl:<init>:41 - HHH000115: Hibernate connection pool size: 20 (min=1)
01:58:45,706  INFO main Dialect:<init>:157 - HHH000400: Using dialect: org.hibernate.dialect.MySQL5Dialect
01:58:46,376  INFO main access:getIsolatedConnection:47 - HHH10001501: Connection obtained from JdbcConnectionAccess [org.hibernate.engine.jdbc.env.internal.JdbcEnvironmentInitiator$ConnectionProviderJdbcConnectionAccess@6bb75258] for (non-JTA) DDL execution was not in auto-commit mode; the Connection 'local transaction' will be committed and the Connection will be set into auto-commit mode.
01:58:46,540  INFO main pooling:stop:230 - HHH10001008: Cleaning up connection pool [jdbc:mysql://localhost:3306/bookshop?useLegacyDatetimeCode=false                                                             & serverTimezone=UTC                                                             & useSSL=false]
02:19:55,960  INFO main LogHelper:logPersistenceUnitInformation:31 - HHH000204: Processing PersistenceUnitInfo [
	name: PERSISTENCE
	...]
02:19:56,177  INFO main Version:logVersion:45 - HHH000412: Hibernate Core {5.2.12.Final}
02:19:56,182  INFO main Environment:<clinit>:198 - HHH000205: Loaded properties from resource hibernate.properties: {hibernate.connection.username=root, hibernate.connection.password=****, hibernate.connection.url=jdbc:mysql://localhost:3306/bookshop, hibernate.bytecode.use_reflection_optimizer=false, hibernate.connection.driver_class=org.postgresql.Driver}
02:19:56,242  INFO main Version:<clinit>:66 - HCANN000001: Hibernate Commons Annotations {5.0.1.Final}
02:19:56,466  WARN main pooling:configure:70 - HHH10001002: Using Hibernate built-in connection pool (not for production use!)
02:19:56,496  INFO main pooling:buildCreator:126 - HHH10001005: using driver [com.mysql.cj.jdbc.Driver] at URL [jdbc:mysql://localhost:3306/bookshop?useLegacyDatetimeCode=false                                                             & serverTimezone=UTC                                                             & useSSL=false]
02:19:56,498  INFO main pooling:buildCreator:135 - HHH10001001: Connection properties: {user=root, password=****}
02:19:56,499  INFO main pooling:buildCreator:140 - HHH10001003: Autocommit mode: false
02:19:56,502  INFO main DriverManagerConnectionProviderImpl:<init>:41 - HHH000115: Hibernate connection pool size: 20 (min=1)
02:19:56,853  INFO main Dialect:<init>:157 - HHH000400: Using dialect: org.hibernate.dialect.MySQL5Dialect
02:19:57,424  INFO main access:getIsolatedConnection:47 - HHH10001501: Connection obtained from JdbcConnectionAccess [org.hibernate.engine.jdbc.env.internal.JdbcEnvironmentInitiator$ConnectionProviderJdbcConnectionAccess@6bb75258] for (non-JTA) DDL execution was not in auto-commit mode; the Connection 'local transaction' will be committed and the Connection will be set into auto-commit mode.
02:19:57,578  INFO main pooling:stop:230 - HHH10001008: Cleaning up connection pool [jdbc:mysql://localhost:3306/bookshop?useLegacyDatetimeCode=false                                                             & serverTimezone=UTC                                                             & useSSL=false]
02:36:07,894  INFO main LogHelper:logPersistenceUnitInformation:31 - HHH000204: Processing PersistenceUnitInfo [
	name: PERSISTENCE
	...]
02:36:08,031  INFO main Version:logVersion:45 - HHH000412: Hibernate Core {5.2.12.Final}
02:36:08,036  INFO main Environment:<clinit>:198 - HHH000205: Loaded properties from resource hibernate.properties: {hibernate.connection.username=root, hibernate.connection.password=****, hibernate.connection.url=jdbc:mysql://localhost:3306/bookshop, hibernate.bytecode.use_reflection_optimizer=false, hibernate.connection.driver_class=org.postgresql.Driver}
02:36:08,095  INFO main Version:<clinit>:66 - HCANN000001: Hibernate Commons Annotations {5.0.1.Final}
02:36:08,308  WARN main pooling:configure:70 - HHH10001002: Using Hibernate built-in connection pool (not for production use!)
02:36:08,312  INFO main pooling:buildCreator:126 - HHH10001005: using driver [com.mysql.cj.jdbc.Driver] at URL [jdbc:mysql://localhost:3306/bookshop?useLegacyDatetimeCode=false                                                             & serverTimezone=UTC                                                             & useSSL=false]
02:36:08,312  INFO main pooling:buildCreator:135 - HHH10001001: Connection properties: {user=root, password=****}
02:36:08,312  INFO main pooling:buildCreator:140 - HHH10001003: Autocommit mode: false
02:36:08,315  INFO main DriverManagerConnectionProviderImpl:<init>:41 - HHH000115: Hibernate connection pool size: 20 (min=1)
02:36:08,742  INFO main Dialect:<init>:157 - HHH000400: Using dialect: org.hibernate.dialect.MySQL5Dialect
02:36:09,492  INFO main access:getIsolatedConnection:47 - HHH10001501: Connection obtained from JdbcConnectionAccess [org.hibernate.engine.jdbc.env.internal.JdbcEnvironmentInitiator$ConnectionProviderJdbcConnectionAccess@5b04476e] for (non-JTA) DDL execution was not in auto-commit mode; the Connection 'local transaction' will be committed and the Connection will be set into auto-commit mode.
02:36:09,647  INFO main pooling:stop:230 - HHH10001008: Cleaning up connection pool [jdbc:mysql://localhost:3306/bookshop?useLegacyDatetimeCode=false                                                             & serverTimezone=UTC                                                             & useSSL=false]
02:37:48,369  INFO main LogHelper:logPersistenceUnitInformation:31 - HHH000204: Processing PersistenceUnitInfo [
	name: PERSISTENCE
	...]
02:37:48,516  INFO main Version:logVersion:45 - HHH000412: Hibernate Core {5.2.12.Final}
02:37:48,520  INFO main Environment:<clinit>:198 - HHH000205: Loaded properties from resource hibernate.properties: {hibernate.connection.username=root, hibernate.connection.password=****, hibernate.connection.url=jdbc:mysql://localhost:3306/bookshop, hibernate.bytecode.use_reflection_optimizer=false, hibernate.connection.driver_class=org.postgresql.Driver}
02:37:48,589  INFO main Version:<clinit>:66 - HCANN000001: Hibernate Commons Annotations {5.0.1.Final}
02:37:48,772  WARN main pooling:configure:70 - HHH10001002: Using Hibernate built-in connection pool (not for production use!)
02:37:48,780  INFO main pooling:buildCreator:126 - HHH10001005: using driver [com.mysql.cj.jdbc.Driver] at URL [jdbc:mysql://localhost:3306/bookshop?useLegacyDatetimeCode=false                                                             & serverTimezone=UTC                                                             & useSSL=false]
02:37:48,781  INFO main pooling:buildCreator:135 - HHH10001001: Connection properties: {user=root, password=****}
02:37:48,782  INFO main pooling:buildCreator:140 - HHH10001003: Autocommit mode: false
02:37:48,788  INFO main DriverManagerConnectionProviderImpl:<init>:41 - HHH000115: Hibernate connection pool size: 20 (min=1)
02:37:49,197  INFO main Dialect:<init>:157 - HHH000400: Using dialect: org.hibernate.dialect.MySQL5Dialect
02:37:49,817  INFO main access:getIsolatedConnection:47 - HHH10001501: Connection obtained from JdbcConnectionAccess [org.hibernate.engine.jdbc.env.internal.JdbcEnvironmentInitiator$ConnectionProviderJdbcConnectionAccess@47404bea] for (non-JTA) DDL execution was not in auto-commit mode; the Connection 'local transaction' will be committed and the Connection will be set into auto-commit mode.
02:37:49,972  INFO main pooling:stop:230 - HHH10001008: Cleaning up connection pool [jdbc:mysql://localhost:3306/bookshop?useLegacyDatetimeCode=false                                                             & serverTimezone=UTC                                                             & useSSL=false]
02:39:48,255  INFO main LogHelper:logPersistenceUnitInformation:31 - HHH000204: Processing PersistenceUnitInfo [
	name: PERSISTENCE
	...]
02:39:48,384  INFO main Version:logVersion:45 - HHH000412: Hibernate Core {5.2.12.Final}
02:39:48,387  INFO main Environment:<clinit>:198 - HHH000205: Loaded properties from resource hibernate.properties: {hibernate.connection.username=root, hibernate.connection.password=****, hibernate.connection.url=jdbc:mysql://localhost:3306/bookshop, hibernate.bytecode.use_reflection_optimizer=false, hibernate.connection.driver_class=org.postgresql.Driver}
02:39:48,452  INFO main Version:<clinit>:66 - HCANN000001: Hibernate Commons Annotations {5.0.1.Final}
02:39:48,672  WARN main pooling:configure:70 - HHH10001002: Using Hibernate built-in connection pool (not for production use!)
02:39:48,691  INFO main pooling:buildCreator:126 - HHH10001005: using driver [com.mysql.cj.jdbc.Driver] at URL [jdbc:mysql://localhost:3306/bookshop?useLegacyDatetimeCode=false                                                             & serverTimezone=UTC                                                             & useSSL=false]
02:39:48,692  INFO main pooling:buildCreator:135 - HHH10001001: Connection properties: {user=root, password=****}
02:39:48,692  INFO main pooling:buildCreator:140 - HHH10001003: Autocommit mode: false
02:39:48,695  INFO main DriverManagerConnectionProviderImpl:<init>:41 - HHH000115: Hibernate connection pool size: 20 (min=1)
02:39:49,017  INFO main Dialect:<init>:157 - HHH000400: Using dialect: org.hibernate.dialect.MySQL5Dialect
02:39:49,647  INFO main access:getIsolatedConnection:47 - HHH10001501: Connection obtained from JdbcConnectionAccess [org.hibernate.engine.jdbc.env.internal.JdbcEnvironmentInitiator$ConnectionProviderJdbcConnectionAccess@5d018107] for (non-JTA) DDL execution was not in auto-commit mode; the Connection 'local transaction' will be committed and the Connection will be set into auto-commit mode.
02:39:49,805  INFO main pooling:stop:230 - HHH10001008: Cleaning up connection pool [jdbc:mysql://localhost:3306/bookshop?useLegacyDatetimeCode=false                                                             & serverTimezone=UTC                                                             & useSSL=false]
02:40:40,167  INFO main LogHelper:logPersistenceUnitInformation:31 - HHH000204: Processing PersistenceUnitInfo [
	name: PERSISTENCE
	...]
02:40:40,296  INFO main Version:logVersion:45 - HHH000412: Hibernate Core {5.2.12.Final}
02:40:40,299  INFO main Environment:<clinit>:198 - HHH000205: Loaded properties from resource hibernate.properties: {hibernate.connection.username=root, hibernate.connection.password=****, hibernate.connection.url=jdbc:mysql://localhost:3306/bookshop, hibernate.bytecode.use_reflection_optimizer=false, hibernate.connection.driver_class=org.postgresql.Driver}
02:40:40,353  INFO main Version:<clinit>:66 - HCANN000001: Hibernate Commons Annotations {5.0.1.Final}
02:40:40,543  WARN main pooling:configure:70 - HHH10001002: Using Hibernate built-in connection pool (not for production use!)
02:40:40,548  INFO main pooling:buildCreator:126 - HHH10001005: using driver [com.mysql.cj.jdbc.Driver] at URL [jdbc:mysql://localhost:3306/bookshop?useLegacyDatetimeCode=false                                                             & serverTimezone=UTC                                                             & useSSL=false]
02:40:40,550  INFO main pooling:buildCreator:135 - HHH10001001: Connection properties: {user=root, password=****}
02:40:40,550  INFO main pooling:buildCreator:140 - HHH10001003: Autocommit mode: false
02:40:40,552  INFO main DriverManagerConnectionProviderImpl:<init>:41 - HHH000115: Hibernate connection pool size: 20 (min=1)
02:40:40,965  INFO main Dialect:<init>:157 - HHH000400: Using dialect: org.hibernate.dialect.MySQL5Dialect
02:40:41,800  INFO main access:getIsolatedConnection:47 - HHH10001501: Connection obtained from JdbcConnectionAccess [org.hibernate.engine.jdbc.env.internal.JdbcEnvironmentInitiator$ConnectionProviderJdbcConnectionAccess@5d018107] for (non-JTA) DDL execution was not in auto-commit mode; the Connection 'local transaction' will be committed and the Connection will be set into auto-commit mode.
02:40:41,976  INFO main pooling:stop:230 - HHH10001008: Cleaning up connection pool [jdbc:mysql://localhost:3306/bookshop?useLegacyDatetimeCode=false                                                             & serverTimezone=UTC                                                             & useSSL=false]
02:41:45,997  INFO main LogHelper:logPersistenceUnitInformation:31 - HHH000204: Processing PersistenceUnitInfo [
	name: PERSISTENCE
	...]
02:41:46,126  INFO main Version:logVersion:45 - HHH000412: Hibernate Core {5.2.12.Final}
02:41:46,130  INFO main Environment:<clinit>:198 - HHH000205: Loaded properties from resource hibernate.properties: {hibernate.connection.username=root, hibernate.connection.password=****, hibernate.connection.url=jdbc:mysql://localhost:3306/bookshop, hibernate.bytecode.use_reflection_optimizer=false, hibernate.connection.driver_class=org.postgresql.Driver}
02:41:46,185  INFO main Version:<clinit>:66 - HCANN000001: Hibernate Commons Annotations {5.0.1.Final}
02:41:46,335  WARN main pooling:configure:70 - HHH10001002: Using Hibernate built-in connection pool (not for production use!)
02:41:46,339  INFO main pooling:buildCreator:126 - HHH10001005: using driver [com.mysql.cj.jdbc.Driver] at URL [jdbc:mysql://localhost:3306/bookshop?useLegacyDatetimeCode=false                                                             & serverTimezone=UTC                                                             & useSSL=false]
02:41:46,340  INFO main pooling:buildCreator:135 - HHH10001001: Connection properties: {user=root, password=****}
02:41:46,340  INFO main pooling:buildCreator:140 - HHH10001003: Autocommit mode: false
02:41:46,343  INFO main DriverManagerConnectionProviderImpl:<init>:41 - HHH000115: Hibernate connection pool size: 20 (min=1)
02:41:46,706  INFO main Dialect:<init>:157 - HHH000400: Using dialect: org.hibernate.dialect.MySQL5Dialect
02:41:47,435  INFO main access:getIsolatedConnection:47 - HHH10001501: Connection obtained from JdbcConnectionAccess [org.hibernate.engine.jdbc.env.internal.JdbcEnvironmentInitiator$ConnectionProviderJdbcConnectionAccess@6bb75258] for (non-JTA) DDL execution was not in auto-commit mode; the Connection 'local transaction' will be committed and the Connection will be set into auto-commit mode.
02:41:47,614  INFO main pooling:stop:230 - HHH10001008: Cleaning up connection pool [jdbc:mysql://localhost:3306/bookshop?useLegacyDatetimeCode=false                                                             & serverTimezone=UTC                                                             & useSSL=false]
02:41:56,693  INFO main LogHelper:logPersistenceUnitInformation:31 - HHH000204: Processing PersistenceUnitInfo [
	name: PERSISTENCE
	...]
02:41:56,843  INFO main Version:logVersion:45 - HHH000412: Hibernate Core {5.2.12.Final}
02:41:56,846  INFO main Environment:<clinit>:198 - HHH000205: Loaded properties from resource hibernate.properties: {hibernate.connection.username=root, hibernate.connection.password=****, hibernate.connection.url=jdbc:mysql://localhost:3306/bookshop, hibernate.bytecode.use_reflection_optimizer=false, hibernate.connection.driver_class=org.postgresql.Driver}
02:41:56,909  INFO main Version:<clinit>:66 - HCANN000001: Hibernate Commons Annotations {5.0.1.Final}
02:41:57,135  WARN main pooling:configure:70 - HHH10001002: Using Hibernate built-in connection pool (not for production use!)
02:41:57,139  INFO main pooling:buildCreator:126 - HHH10001005: using driver [com.mysql.cj.jdbc.Driver] at URL [jdbc:mysql://localhost:3306/bookshop?useLegacyDatetimeCode=false                                                             & serverTimezone=UTC                                                             & useSSL=false]
02:41:57,140  INFO main pooling:buildCreator:135 - HHH10001001: Connection properties: {user=root, password=****}
02:41:57,140  INFO main pooling:buildCreator:140 - HHH10001003: Autocommit mode: false
02:41:57,149  INFO main DriverManagerConnectionProviderImpl:<init>:41 - HHH000115: Hibernate connection pool size: 20 (min=1)
02:41:57,479  INFO main Dialect:<init>:157 - HHH000400: Using dialect: org.hibernate.dialect.MySQL5Dialect
02:41:58,410  INFO main access:getIsolatedConnection:47 - HHH10001501: Connection obtained from JdbcConnectionAccess [org.hibernate.engine.jdbc.env.internal.JdbcEnvironmentInitiator$ConnectionProviderJdbcConnectionAccess@5d018107] for (non-JTA) DDL execution was not in auto-commit mode; the Connection 'local transaction' will be committed and the Connection will be set into auto-commit mode.
02:41:58,630  INFO main pooling:stop:230 - HHH10001008: Cleaning up connection pool [jdbc:mysql://localhost:3306/bookshop?useLegacyDatetimeCode=false                                                             & serverTimezone=UTC                                                             & useSSL=false]
02:43:10,284  INFO main LogHelper:logPersistenceUnitInformation:31 - HHH000204: Processing PersistenceUnitInfo [
	name: PERSISTENCE
	...]
02:43:10,438  INFO main Version:logVersion:45 - HHH000412: Hibernate Core {5.2.12.Final}
02:43:10,442  INFO main Environment:<clinit>:198 - HHH000205: Loaded properties from resource hibernate.properties: {hibernate.connection.username=root, hibernate.connection.password=****, hibernate.connection.url=jdbc:mysql://localhost:3306/bookshop, hibernate.bytecode.use_reflection_optimizer=false, hibernate.connection.driver_class=org.postgresql.Driver}
02:43:10,512  INFO main Version:<clinit>:66 - HCANN000001: Hibernate Commons Annotations {5.0.1.Final}
02:43:10,785  WARN main pooling:configure:70 - HHH10001002: Using Hibernate built-in connection pool (not for production use!)
02:43:10,796  INFO main pooling:buildCreator:126 - HHH10001005: using driver [com.mysql.cj.jdbc.Driver] at URL [jdbc:mysql://localhost:3306/bookshop?useLegacyDatetimeCode=false                                                             & serverTimezone=UTC                                                             & useSSL=false]
02:43:10,796  INFO main pooling:buildCreator:135 - HHH10001001: Connection properties: {user=root, password=****}
02:43:10,797  INFO main pooling:buildCreator:140 - HHH10001003: Autocommit mode: false
02:43:10,799  INFO main DriverManagerConnectionProviderImpl:<init>:41 - HHH000115: Hibernate connection pool size: 20 (min=1)
02:43:11,160  INFO main Dialect:<init>:157 - HHH000400: Using dialect: org.hibernate.dialect.MySQL5Dialect
02:43:11,909  INFO main access:getIsolatedConnection:47 - HHH10001501: Connection obtained from JdbcConnectionAccess [org.hibernate.engine.jdbc.env.internal.JdbcEnvironmentInitiator$ConnectionProviderJdbcConnectionAccess@5d018107] for (non-JTA) DDL execution was not in auto-commit mode; the Connection 'local transaction' will be committed and the Connection will be set into auto-commit mode.
02:43:12,137  INFO main pooling:stop:230 - HHH10001008: Cleaning up connection pool [jdbc:mysql://localhost:3306/bookshop?useLegacyDatetimeCode=false                                                             & serverTimezone=UTC                                                             & useSSL=false]
02:45:40,873  INFO main LogHelper:logPersistenceUnitInformation:31 - HHH000204: Processing PersistenceUnitInfo [
	name: PERSISTENCE
	...]
02:45:41,000  INFO main Version:logVersion:45 - HHH000412: Hibernate Core {5.2.12.Final}
02:45:41,003  INFO main Environment:<clinit>:198 - HHH000205: Loaded properties from resource hibernate.properties: {hibernate.connection.username=root, hibernate.connection.password=****, hibernate.connection.url=jdbc:mysql://localhost:3306/bookshop, hibernate.bytecode.use_reflection_optimizer=false, hibernate.connection.driver_class=org.postgresql.Driver}
02:45:41,052  INFO main Version:<clinit>:66 - HCANN000001: Hibernate Commons Annotations {5.0.1.Final}
02:45:41,305  WARN main pooling:configure:70 - HHH10001002: Using Hibernate built-in connection pool (not for production use!)
02:45:41,310  INFO main pooling:buildCreator:126 - HHH10001005: using driver [com.mysql.cj.jdbc.Driver] at URL [jdbc:mysql://localhost:3306/bookshop?useLegacyDatetimeCode=false                                                             & serverTimezone=UTC                                                             & useSSL=false]
02:45:41,310  INFO main pooling:buildCreator:135 - HHH10001001: Connection properties: {user=root, password=****}
02:45:41,311  INFO main pooling:buildCreator:140 - HHH10001003: Autocommit mode: false
02:45:41,316  INFO main DriverManagerConnectionProviderImpl:<init>:41 - HHH000115: Hibernate connection pool size: 20 (min=1)
02:45:41,877  INFO main Dialect:<init>:157 - HHH000400: Using dialect: org.hibernate.dialect.MySQL5Dialect
02:45:42,595  INFO main access:getIsolatedConnection:47 - HHH10001501: Connection obtained from JdbcConnectionAccess [org.hibernate.engine.jdbc.env.internal.JdbcEnvironmentInitiator$ConnectionProviderJdbcConnectionAccess@5d018107] for (non-JTA) DDL execution was not in auto-commit mode; the Connection 'local transaction' will be committed and the Connection will be set into auto-commit mode.
02:45:42,772  INFO main pooling:stop:230 - HHH10001008: Cleaning up connection pool [jdbc:mysql://localhost:3306/bookshop?useLegacyDatetimeCode=false                                                             & serverTimezone=UTC                                                             & useSSL=false]
