JvmtiExport can_access_local_variables 0
JvmtiExport can_hotswap_or_post_breakpoint 0
JvmtiExport can_post_on_exceptions 0
# 442 ciObject found
ciMethod java/lang/Object <init> ()V 4097 1 199563 0 96
ciMethod java/lang/Object hashCode ()I 2049 1 256 0 -1
ciMethod java/lang/Object equals (Ljava/lang/Object;)Z 673 1 5307 0 -1
ciMethod java/lang/Object clone ()Ljava/lang/Object; 2049 1 256 0 -1
ciMethod java/lang/String <init> ([CII)V 4097 1 5735 0 704
ciMethod java/lang/String <init> ([BIILjava/lang/String;)V 2121 1 958 0 -1
ciMethod java/lang/String <init> ([CZ)V 3385 1 11803 0 0
ciMethod java/lang/String length ()I 4097 1 123368 0 0
ciMethod java/lang/String charAt (I)C 4097 1 463877 0 -1
ciMethod java/lang/String getChars ([CI)V 2049 1 5401 0 0
ciMethod java/lang/String equals (Ljava/lang/Object;)Z 4097 19321 5019 0 -1
ciMethod java/lang/String equalsIgnoreCase (Ljava/lang/String;)Z 1889 1 10504 0 1696
ciMethod java/lang/String regionMatches (ZILjava/lang/String;II)Z 2057 593 5424 0 1952
ciMethod java/lang/String hashCode ()I 2833 32769 1303 0 320
ciMethod java/lang/String lastIndexOf (I)I 3073 1 21427 0 0
ciMethod java/lang/String lastIndexOf (II)I 1641 90113 985 0 288
ciMethod java/lang/String lastIndexOfSupplementary (II)I 0 0 1 0 -1
ciMethod java/lang/String substring (II)Ljava/lang/String; 3281 1 5668 0 960
ciMethod java/lang/String concat (Ljava/lang/String;)Ljava/lang/String; 2049 1 5397 0 896
ciMethod java/lang/String replace (CC)Ljava/lang/String; 1601 67017 1233 0 1216
ciMethod java/lang/String toUpperCase (Ljava/util/Locale;)Ljava/lang/String; 681 16473 719 0 -1
ciMethod java/lang/ClassLoader defineClass (Ljava/lang/String;[BIILjava/security/ProtectionDomain;)Ljava/lang/Class; 1849 1 2817 0 -1
ciMethod java/lang/ClassLoader definePackage (Ljava/lang/String;Ljava/lang/String;Ljava/lang/String;Ljava/lang/String;Ljava/lang/String;Ljava/lang/String;Ljava/lang/String;Ljava/net/URL;)Ljava/lang/Package; 337 1 310 0 0
ciMethod java/lang/ClassLoader getPackage (Ljava/lang/String;)Ljava/lang/Package; 2049 1 3700 0 0
ciMethod java/lang/System nanoTime ()J 2049 1 256 0 -1
ciMethod java/lang/System arraycopy (Ljava/lang/Object;ILjava/lang/Object;II)V 29697 1 3712 0 -1
ciMethod java/lang/Throwable addSuppressed (Ljava/lang/Throwable;)V 0 0 1 0 -1
ciMethod java/security/SecureClassLoader defineClass (Ljava/lang/String;[BIILjava/security/CodeSource;)Ljava/lang/Class; 1849 1 2759 0 0
ciMethod java/security/SecureClassLoader defineClass (Ljava/lang/String;Ljava/nio/ByteBuffer;Ljava/security/CodeSource;)Ljava/lang/Class; 0 0 1 0 -1
ciMethod java/security/SecureClassLoader getProtectionDomain (Ljava/security/CodeSource;)Ljava/security/ProtectionDomain; 1841 1 2810 0 -1
ciMethod java/lang/ref/Reference get ()Ljava/lang/Object; 3361 1 420 0 -1
ciMethod java/lang/ref/Reference <init> (Ljava/lang/Object;)V 2081 1 5878 0 0
ciMethod java/lang/ref/Reference <init> (Ljava/lang/Object;Ljava/lang/ref/ReferenceQueue;)V 4097 1 15598 0 0
ciMethod java/lang/ref/SoftReference <init> (Ljava/lang/Object;)V 2065 1 1691 0 0
ciMethod java/lang/ref/SoftReference get ()Ljava/lang/Object; 3073 1 14297 0 0
ciMethod java/lang/Thread currentThread ()Ljava/lang/Thread; 3073 1 384 0 -1
ciMethod java/lang/Thread interrupt ()V 0 0 1 0 -1
ciMethod java/lang/Thread interrupted ()Z 2873 1 2810 0 -1
ciMethod java/util/Map get (Ljava/lang/Object;)Ljava/lang/Object; 0 0 1 0 -1
ciMethod java/util/Map put (Ljava/lang/Object;Ljava/lang/Object;)Ljava/lang/Object; 0 0 1 0 -1
ciMethod java/util/Hashtable <init> (IF)V 705 1 197 0 0
ciMethod java/util/Hashtable <init> (I)V 881 1 25 0 0
ciMethod java/util/Hashtable <init> ()V 545 1 172 0 0
ciMethod java/util/Dictionary <init> ()V 1745 1 197 0 0
ciMethod java/lang/StringBuilder <init> ()V 2721 1 17497 0 -1
ciMethod java/lang/StringBuilder append (Ljava/lang/String;)Ljava/lang/StringBuilder; 4097 1 37043 0 -1
ciMethod java/lang/StringBuilder append (I)Ljava/lang/StringBuilder; 9 1 890 0 -1
ciMethod java/lang/StringBuilder append (F)Ljava/lang/StringBuilder; 0 0 1 0 -1
ciMethod java/lang/StringBuilder toString ()Ljava/lang/String; 3113 1 16530 0 -1
ciMethod java/io/ByteArrayInputStream <init> ([B)V 81 1 22 0 0
ciMethod java/io/InputStream <init> ()V 2057 1 5880 0 0
ciMethod java/io/InputStream read ([BII)I 0 0 1 0 -1
ciMethod java/io/InputStream close ()V 0 0 1 0 -1
ciMethod java/net/URLClassLoader getAndVerifyPackage (Ljava/lang/String;Ljava/util/jar/Manifest;Ljava/net/URL;)Ljava/lang/Package; 2865 1 2772 0 0
ciMethod java/net/URLClassLoader definePackageInternal (Ljava/lang/String;Ljava/util/jar/Manifest;Ljava/net/URL;)V 1841 1 2759 0 0
ciMethod java/net/URLClassLoader defineClass (Ljava/lang/String;Lsun/misc/Resource;)Ljava/lang/Class; 817 1 2759 0 0
ciMethod java/net/URLClassLoader definePackage (Ljava/lang/String;Ljava/util/jar/Manifest;Ljava/net/URL;)Ljava/lang/Package; 329 1 305 0 0
ciMethod java/net/URLClassLoader isSealed (Ljava/lang/String;Ljava/util/jar/Manifest;)Z 2049 1 2455 0 0
ciMethod java/net/URLClassLoader access$000 (Ljava/net/URLClassLoader;)Lsun/misc/URLClassPath; 1033 1 129 0 0
ciMethod java/net/URLClassLoader access$100 (Ljava/net/URLClassLoader;Ljava/lang/String;Lsun/misc/Resource;)Ljava/lang/Class; 817 1 2757 0 0
ciMethod java/util/jar/Manifest <init> (Ljava/io/InputStream;)V 73 1 23 0 0
ciMethod java/util/jar/Manifest getMainAttributes ()Ljava/util/jar/Attributes; 1025 1 128 0 0
ciMethod java/util/jar/Manifest getEntries ()Ljava/util/Map; 1025 1 128 0 0
ciMethod java/util/jar/Manifest getAttributes (Ljava/lang/String;)Ljava/util/jar/Attributes; 2305 1 2752 0 0
ciMethod java/util/jar/Manifest read (Ljava/io/InputStream;)V 73 9 23 0 -1
ciMethod java/util/jar/Manifest parseName ([BI)Ljava/lang/String; 9 1 1 0 -1
ciMethod java/security/CodeSource <init> (Ljava/net/URL;[Ljava/security/CodeSigner;)V 1841 1 2759 0 0
ciMethod java/lang/Character toLowerCase (C)C 4097 1 30585 0 192
ciMethod java/lang/Character toLowerCase (I)I 4097 1 42652 0 160
ciMethod java/lang/Character toUpperCase (C)C 2049 1 22478 0 192
ciMethod java/lang/Character toUpperCase (I)I 2041 1 22478 0 0
ciMethod java/lang/Float isNaN (F)Z 2049 1 1896 0 0
ciMethod java/lang/Float floatToRawIntBits (F)I 9 1 1 0 -1
ciMethod java/util/Comparator compare (Ljava/lang/Object;Ljava/lang/Object;)I 0 0 1 0 -1
ciMethod java/util/AbstractList <init> ()V 2049 1 8229 0 0
ciMethod java/util/AbstractCollection <init> ()V 1745 1 11649 0 0
ciMethod java/util/ArrayList <init> ()V 1313 1 4542 0 0
ciMethod java/util/AbstractMap <init> ()V 1233 1 5269 0 0
ciMethod java/util/HashMap hash (Ljava/lang/Object;)I 4097 1 46748 0 160
ciMethod java/util/HashMap comparableClassFor (Ljava/lang/Object;)Ljava/lang/Class; 0 0 1 0 -1
ciMethod java/util/HashMap compareComparables (Ljava/lang/Class;Ljava/lang/Object;Ljava/lang/Object;)I 0 0 1 0 -1
ciMethod java/util/HashMap tableSizeFor (I)I 1705 1 1726 0 -1
ciMethod java/util/HashMap <init> (IF)V 633 1 1626 0 0
ciMethod java/util/HashMap <init> (I)V 513 1 1158 0 0
ciMethod java/util/HashMap <init> ()V 649 1 3220 0 0
ciMethod java/util/HashMap get (Ljava/lang/Object;)Ljava/lang/Object; 4097 1 23857 0 704
ciMethod java/util/HashMap getNode (ILjava/lang/Object;)Ljava/util/HashMap$Node; 4097 105 25759 0 544
ciMethod java/util/HashMap put (Ljava/lang/Object;Ljava/lang/Object;)Ljava/lang/Object; 3177 1 13836 0 -1
ciMethod java/lang/Math max (II)I 4097 1 12384 0 -1
ciMethod java/lang/Math min (II)I 4097 1 57704 0 -1
ciMethod java/lang/Math min (FF)F 2049 1 277 0 0
ciMethod java/util/Arrays copyOf ([BI)[B 4097 1 13692 0 -1
ciMethod java/util/Arrays copyOf ([CI)[C 4065 1 16740 0 0
ciMethod java/util/Arrays copyOfRange ([CII)[C 4097 1 5661 0 512
ciMethod java/io/OutputStream <init> ()V 3113 1 746 0 0
ciMethodData java/lang/Object <init> ()V 2 199563 orig 264 88 66 210 81 0 0 0 0 128 4 167 29 0 0 0 0 32 1 0 0 0 0 0 0 0 0 0 0 0 0 0 0 0 0 0 0 0 0 0 0 0 0 0 0 0 0 0 0 0 0 0 0 0 0 0 0 0 0 0 0 0 0 0 0 0 0 0 0 0 0 0 0 0 0 0 0 0 0 0 0 77 68 79 32 101 120 116 114 97 32 100 97 116 97 32 108 111 99 107 0 0 0 0 0 0 0 0 0 0 0 0 0 0 0 0 0 0 0 0 0 0 0 0 0 0 0 0 0 0 0 0 0 0 0 0 0 0 0 0 0 0 0 0 0 0 0 0 0 0 0 0 0 0 0 0 0 0 0 0 0 0 0 0 0 0 0 0 0 0 0 0 0 0 0 0 0 0 0 0 0 0 0 0 0 1 0 0 0 0 0 0 0 1 0 0 0 0 0 0 0 1 0 0 0 0 0 0 0 0 0 0 0 0 0 0 0 0 2 0 0 89 76 24 0 1 0 0 0 0 0 0 0 0 0 0 0 2 0 0 0 0 0 0 0 0 0 0 0 0 0 0 0 255 255 255 255 0 0 0 0 0 0 0 0 data 0 oops 0
ciMethod java/lang/IllegalArgumentException <init> (Ljava/lang/String;)V 0 0 2 0 -1
ciMethod java/lang/CharacterData toLowerCase (I)I 0 0 1 0 -1
ciMethod java/lang/CharacterData toUpperCase (I)I 0 0 1 0 -1
ciMethod java/lang/CharacterData of (I)Ljava/lang/CharacterData; 4097 1 7452 0 96
ciMethod java/lang/CharacterDataLatin1 getProperties (I)I 4097 1 25346 0 -1
ciMethod java/lang/CharacterDataLatin1 toLowerCase (I)I 16473 1 7697 0 160
ciMethod java/lang/CharacterDataLatin1 toUpperCase (I)I 2049 1 5377 0 160
ciMethod java/util/HashMap$TreeNode root ()Ljava/util/HashMap$TreeNode; 0 0 1 0 0
ciMethod java/util/HashMap$TreeNode find (ILjava/lang/Object;Ljava/lang/Class;)Ljava/util/HashMap$TreeNode; 137 305 568 0 0
ciMethod java/util/HashMap$TreeNode getTreeNode (ILjava/lang/Object;)Ljava/util/HashMap$TreeNode; 137 1 487 0 0
ciMethodData java/lang/Character toLowerCase (I)I 2 42652 orig 264 88 66 210 81 0 0 0 0 232 163 176 29 0 0 0 0 136 1 0 0 0 0 0 0 0 0 0 0 0 0 0 0 0 0 0 0 0 0 0 0 0 0 0 0 0 0 0 0 0 0 0 0 0 0 0 0 0 0 0 0 0 0 0 0 0 0 0 0 0 0 0 0 0 0 0 0 0 0 0 0 77 68 79 32 101 120 116 114 97 32 100 97 116 97 32 108 111 99 107 0 0 0 0 0 0 0 0 0 0 0 0 0 0 0 0 0 0 0 0 0 0 0 0 0 0 0 0 0 0 0 0 0 0 0 0 0 0 0 0 0 0 0 0 0 0 0 0 0 0 0 0 0 0 0 0 0 0 0 0 0 0 0 0 0 0 0 0 0 0 0 0 0 0 0 0 0 0 0 0 0 0 0 0 0 0 0 0 0 0 0 0 0 0 0 0 0 0 0 0 0 0 0 0 0 0 0 0 0 0 0 0 0 0 0 0 0 0 2 0 0 225 36 5 0 1 0 0 0 0 0 0 0 0 0 0 0 2 0 0 0 0 0 0 0 0 0 0 0 64 0 0 0 255 255 255 255 2 0 1 0 0 0 0 0 data 8 0x10002 0xa49c 0x50005 0x0 0x219d0640 0xa49c 0x0 0x0 oops 1